[debug] [2026-01-22T20:06:08.331Z] ----------------------------------------------------------------------
[debug] [2026-01-22T20:06:08.334Z] Command:       C:\Program Files\nodejs\node.exe C:\Users\Administrator\AppData\Roaming\npm\node_modules\firebase-tools\lib\bin\firebase.js deploy --only functions
[debug] [2026-01-22T20:06:08.335Z] CLI Version:   14.10.1
[debug] [2026-01-22T20:06:08.335Z] Platform:      win32
[debug] [2026-01-22T20:06:08.335Z] Node Version:  v22.13.0
[debug] [2026-01-22T20:06:08.336Z] Time:          Thu Jan 22 2026 22:06:08 GMT+0200 (Israel Standard Time)
[debug] [2026-01-22T20:06:08.336Z] ----------------------------------------------------------------------
[debug] 
[debug] [2026-01-22T20:06:08.593Z] Field "/functions" in "firebase.json" is possibly invalid: must be object
[debug] [2026-01-22T20:06:08.594Z] Object "/functions/0" in "firebase.json" has unknown property: {"additionalProperty":"disallowLegacyRuntimeConfig"}
[debug] [2026-01-22T20:06:08.594Z] Field "/functions" in "firebase.json" is possibly invalid: must match a schema in anyOf
[debug] [2026-01-22T20:06:08.600Z] > command requires scopes: ["email","openid","https://www.googleapis.com/auth/cloudplatformprojects.readonly","https://www.googleapis.com/auth/firebase","https://www.googleapis.com/auth/cloud-platform"]
[debug] [2026-01-22T20:06:08.601Z] > authorizing via signed-in user (chagai33@gmail.com)
[debug] [2026-01-22T20:06:08.601Z] [iam] checking project proshot-ai-a365e for permissions ["cloudfunctions.functions.create","cloudfunctions.functions.delete","cloudfunctions.functions.get","cloudfunctions.functions.list","cloudfunctions.functions.update","cloudfunctions.operations.get","firebase.projects.get"]
[debug] [2026-01-22T20:06:08.602Z] Checked if tokens are valid: true, expires at: 1769114024135
[debug] [2026-01-22T20:06:08.602Z] Checked if tokens are valid: true, expires at: 1769114024135
[debug] [2026-01-22T20:06:08.604Z] >>> [apiv2][query] POST https://cloudresourcemanager.googleapis.com/v1/projects/proshot-ai-a365e:testIamPermissions [none]
[debug] [2026-01-22T20:06:08.604Z] >>> [apiv2][(partial)header] POST https://cloudresourcemanager.googleapis.com/v1/projects/proshot-ai-a365e:testIamPermissions x-goog-quota-user=projects/proshot-ai-a365e
[debug] [2026-01-22T20:06:08.604Z] >>> [apiv2][body] POST https://cloudresourcemanager.googleapis.com/v1/projects/proshot-ai-a365e:testIamPermissions {"permissions":["cloudfunctions.functions.create","cloudfunctions.functions.delete","cloudfunctions.functions.get","cloudfunctions.functions.list","cloudfunctions.functions.update","cloudfunctions.operations.get","firebase.projects.get"]}
[debug] [2026-01-22T20:06:09.632Z] <<< [apiv2][status] POST https://cloudresourcemanager.googleapis.com/v1/projects/proshot-ai-a365e:testIamPermissions 200
[debug] [2026-01-22T20:06:09.632Z] <<< [apiv2][body] POST https://cloudresourcemanager.googleapis.com/v1/projects/proshot-ai-a365e:testIamPermissions {"permissions":["cloudfunctions.functions.create","cloudfunctions.functions.delete","cloudfunctions.functions.get","cloudfunctions.functions.list","cloudfunctions.functions.update","cloudfunctions.operations.get","firebase.projects.get"]}
[debug] [2026-01-22T20:06:09.633Z] Checked if tokens are valid: true, expires at: 1769114024135
[debug] [2026-01-22T20:06:09.633Z] Checked if tokens are valid: true, expires at: 1769114024135
[debug] [2026-01-22T20:06:09.633Z] >>> [apiv2][query] POST https://iam.googleapis.com/v1/projects/proshot-ai-a365e/serviceAccounts/proshot-ai-a365e@appspot.gserviceaccount.com:testIamPermissions [none]
[debug] [2026-01-22T20:06:09.633Z] >>> [apiv2][body] POST https://iam.googleapis.com/v1/projects/proshot-ai-a365e/serviceAccounts/proshot-ai-a365e@appspot.gserviceaccount.com:testIamPermissions {"permissions":["iam.serviceAccounts.actAs"]}
[debug] [2026-01-22T20:06:10.595Z] <<< [apiv2][status] POST https://iam.googleapis.com/v1/projects/proshot-ai-a365e/serviceAccounts/proshot-ai-a365e@appspot.gserviceaccount.com:testIamPermissions 200
[debug] [2026-01-22T20:06:10.596Z] <<< [apiv2][body] POST https://iam.googleapis.com/v1/projects/proshot-ai-a365e/serviceAccounts/proshot-ai-a365e@appspot.gserviceaccount.com:testIamPermissions {"permissions":["iam.serviceAccounts.actAs"]}
[info] 
[info] === Deploying to 'proshot-ai-a365e'...
[info] 
[info] i  deploying functions 
[info] Running command: npm --prefix "$RESOURCE_DIR" run build
[info] +  functions: Finished running predeploy script. 
[debug] [2026-01-22T20:06:32.912Z] Checked if tokens are valid: true, expires at: 1769114024135
[debug] [2026-01-22T20:06:32.912Z] Checked if tokens are valid: true, expires at: 1769114024135
[debug] [2026-01-22T20:06:32.912Z] >>> [apiv2][query] GET https://cloudresourcemanager.googleapis.com/v1/projects/proshot-ai-a365e [none]
[debug] [2026-01-22T20:06:33.909Z] <<< [apiv2][status] GET https://cloudresourcemanager.googleapis.com/v1/projects/proshot-ai-a365e 200
[debug] [2026-01-22T20:06:33.910Z] <<< [apiv2][body] GET https://cloudresourcemanager.googleapis.com/v1/projects/proshot-ai-a365e {"projectNumber":"793421427372","projectId":"proshot-ai-a365e","lifecycleState":"ACTIVE","name":"ProShot AI","labels":{"firebase":"enabled","firebase-core":"disabled"},"createTime":"2026-01-22T11:23:15.461193Z"}
[info] i  functions: preparing codebase default for deployment 
[info] i  functions: ensuring required API cloudfunctions.googleapis.com is enabled... 
[info] i  functions: ensuring required API cloudbuild.googleapis.com is enabled... 
[info] i  artifactregistry: ensuring required API artifactregistry.googleapis.com is enabled... 
[debug] [2026-01-22T20:06:33.917Z] Checked if tokens are valid: true, expires at: 1769114024135
[debug] [2026-01-22T20:06:33.917Z] Checked if tokens are valid: true, expires at: 1769114024135
[debug] [2026-01-22T20:06:33.917Z] >>> [apiv2][query] GET https://firebase.googleapis.com/v1beta1/projects/proshot-ai-a365e/adminSdkConfig [none]
[debug] [2026-01-22T20:06:36.135Z] <<< [apiv2][status] GET https://firebase.googleapis.com/v1beta1/projects/proshot-ai-a365e/adminSdkConfig 200
[debug] [2026-01-22T20:06:36.135Z] <<< [apiv2][body] GET https://firebase.googleapis.com/v1beta1/projects/proshot-ai-a365e/adminSdkConfig {"projectId":"proshot-ai-a365e","storageBucket":"proshot-ai-a365e.firebasestorage.app"}
[debug] [2026-01-22T20:06:36.136Z] Checked if tokens are valid: true, expires at: 1769114024135
[debug] [2026-01-22T20:06:36.136Z] Checked if tokens are valid: true, expires at: 1769114024135
[debug] [2026-01-22T20:06:36.136Z] >>> [apiv2][query] GET https://runtimeconfig.googleapis.com/v1beta1/projects/proshot-ai-a365e/configs [none]
[debug] [2026-01-22T20:06:36.500Z] <<< [apiv2][status] GET https://runtimeconfig.googleapis.com/v1beta1/projects/proshot-ai-a365e/configs 200
[debug] [2026-01-22T20:06:36.500Z] <<< [apiv2][body] GET https://runtimeconfig.googleapis.com/v1beta1/projects/proshot-ai-a365e/configs {}
[debug] [2026-01-22T20:06:36.502Z] Validating nodejs source
[debug] [2026-01-22T20:06:37.824Z] > [functions] package.json contents: {
  "name": "functions",
  "scripts": {
    "build": "tsc",
    "build:watch": "tsc --watch",
    "serve": "npm run build && firebase emulators:start --only functions",
    "shell": "npm run build && firebase functions:shell",
    "start": "npm run shell",
    "deploy": "firebase deploy --only functions",
    "logs": "firebase functions:log"
  },
  "engines": {
    "node": "20"
  },
  "main": "lib/index.js",
  "dependencies": {
    "@google-cloud/aiplatform": "^6.1.0",
    "@google-cloud/vertexai": "^1.10.0",
    "@imgly/background-removal-node": "^1.4.5",
    "firebase-admin": "^13.6.0",
    "firebase-functions": "^7.0.0",
    "sharp": "^0.34.5"
  },
  "devDependencies": {
    "firebase-functions-test": "^3.4.1",
    "typescript": "^5.7.3"
  },
  "private": true
}
[debug] [2026-01-22T20:06:37.825Z] Building nodejs source
[info] i  functions: Loading and analyzing source code for codebase default to determine what to deploy 
[debug] [2026-01-22T20:06:37.826Z] Could not find functions.yaml. Must use http discovery
[debug] [2026-01-22T20:06:37.847Z] Found firebase-functions binary at 'C:\ProShot-AI\functions\node_modules\.bin\firebase-functions'
[info] Serving at port 8602

[error] (node:15052) [DEP0040] DeprecationWarning: The `punycode` module is deprecated. Please use a userland alternative instead.
(Use `node --trace-deprecation ...` to show where the warning was created)

[debug] [2026-01-22T20:06:39.652Z] Got response from /__/functions.yaml {"endpoints":{"generateProfessionalBackground":{"platform":"gcfv2","availableMemoryMb":2048,"timeoutSeconds":300,"minInstances":null,"maxInstances":null,"ingressSettings":null,"concurrency":null,"serviceAccountEmail":null,"vpc":null,"cpu":2,"region":["us-central1"],"labels":{},"eventTrigger":{"eventType":"google.cloud.storage.object.v1.finalized","eventFilters":{"bucket":"proshot-ai-a365e.firebasestorage.app"},"retry":false},"entryPoint":"generateProfessionalBackground"}},"specVersion":"v1alpha1","requiredAPIs":[],"extensions":{}}
[info] i  extensions: ensuring required API firebaseextensions.googleapis.com is enabled... 
[debug] [2026-01-22T20:06:43.692Z] > command requires scopes: ["email","openid","https://www.googleapis.com/auth/cloudplatformprojects.readonly","https://www.googleapis.com/auth/firebase","https://www.googleapis.com/auth/cloud-platform"]
[debug] [2026-01-22T20:06:43.692Z] > authorizing via signed-in user (chagai33@gmail.com)
[debug] [2026-01-22T20:06:43.692Z] [iam] checking project proshot-ai-a365e for permissions ["firebase.projects.get","firebaseextensions.instances.list"]
[debug] [2026-01-22T20:06:43.692Z] Checked if tokens are valid: true, expires at: 1769114024135
[debug] [2026-01-22T20:06:43.692Z] Checked if tokens are valid: true, expires at: 1769114024135
[debug] [2026-01-22T20:06:43.692Z] >>> [apiv2][query] POST https://cloudresourcemanager.googleapis.com/v1/projects/proshot-ai-a365e:testIamPermissions [none]
[debug] [2026-01-22T20:06:43.692Z] >>> [apiv2][(partial)header] POST https://cloudresourcemanager.googleapis.com/v1/projects/proshot-ai-a365e:testIamPermissions x-goog-quota-user=projects/proshot-ai-a365e
[debug] [2026-01-22T20:06:43.692Z] >>> [apiv2][body] POST https://cloudresourcemanager.googleapis.com/v1/projects/proshot-ai-a365e:testIamPermissions {"permissions":["firebase.projects.get","firebaseextensions.instances.list"]}
[debug] [2026-01-22T20:06:44.659Z] <<< [apiv2][status] POST https://cloudresourcemanager.googleapis.com/v1/projects/proshot-ai-a365e:testIamPermissions 200
[debug] [2026-01-22T20:06:44.659Z] <<< [apiv2][body] POST https://cloudresourcemanager.googleapis.com/v1/projects/proshot-ai-a365e:testIamPermissions {"permissions":["firebase.projects.get","firebaseextensions.instances.list"]}
[debug] [2026-01-22T20:06:44.659Z] Checked if tokens are valid: true, expires at: 1769114024135
[debug] [2026-01-22T20:06:44.659Z] Checked if tokens are valid: true, expires at: 1769114024135
[debug] [2026-01-22T20:06:44.660Z] >>> [apiv2][query] GET https://firebaseextensions.googleapis.com/v1beta/projects/proshot-ai-a365e/instances pageSize=100&pageToken=
[debug] [2026-01-22T20:06:45.806Z] <<< [apiv2][status] GET https://firebaseextensions.googleapis.com/v1beta/projects/proshot-ai-a365e/instances 200
[debug] [2026-01-22T20:06:45.806Z] <<< [apiv2][body] GET https://firebaseextensions.googleapis.com/v1beta/projects/proshot-ai-a365e/instances {}
[info] i  functions: preparing functions directory for uploading... 
[info] i  functions: packaged C:\ProShot-AI\functions (92.54 KB) for uploading 
[debug] [2026-01-22T20:06:45.857Z] Checked if tokens are valid: true, expires at: 1769114024135
[debug] [2026-01-22T20:06:45.857Z] Checked if tokens are valid: true, expires at: 1769114024135
[debug] [2026-01-22T20:06:45.857Z] >>> [apiv2][query] GET https://cloudfunctions.googleapis.com/v1/projects/proshot-ai-a365e/locations/-/functions [none]
[debug] [2026-01-22T20:06:46.589Z] <<< [apiv2][status] GET https://cloudfunctions.googleapis.com/v1/projects/proshot-ai-a365e/locations/-/functions 200
[debug] [2026-01-22T20:06:46.590Z] <<< [apiv2][body] GET https://cloudfunctions.googleapis.com/v1/projects/proshot-ai-a365e/locations/-/functions {}
[debug] [2026-01-22T20:06:46.590Z] Checked if tokens are valid: true, expires at: 1769114024135
[debug] [2026-01-22T20:06:46.590Z] Checked if tokens are valid: true, expires at: 1769114024135
[debug] [2026-01-22T20:06:46.590Z] >>> [apiv2][query] GET https://cloudfunctions.googleapis.com/v2/projects/proshot-ai-a365e/locations/-/functions filter=environment%3D%22GEN_2%22
[debug] [2026-01-22T20:06:47.587Z] <<< [apiv2][status] GET https://cloudfunctions.googleapis.com/v2/projects/proshot-ai-a365e/locations/-/functions 200
[debug] [2026-01-22T20:06:47.588Z] <<< [apiv2][body] GET https://cloudfunctions.googleapis.com/v2/projects/proshot-ai-a365e/locations/-/functions {"functions":[{"name":"projects/proshot-ai-a365e/locations/us-central1/functions/generateProfessionalBackground","buildConfig":{"build":"projects/793421427372/locations/us-central1/builds/69852b0c-2a5d-46d6-b9d2-7c3ae4981aa9","runtime":"nodejs22","entryPoint":"generateProfessionalBackground","source":{"storageSource":{"bucket":"gcf-v2-sources-793421427372-us-central1","object":"generateProfessionalBackground/function-source.zip","generation":"1769110454952365"}},"environmentVariables":{"GOOGLE_NODE_RUN_SCRIPTS":""},"dockerRepository":"projects/proshot-ai-a365e/locations/us-central1/repositories/gcf-artifacts","sourceProvenance":{"resolvedStorageSource":{"bucket":"gcf-v2-sources-793421427372-us-central1","object":"generateProfessionalBackground/function-source.zip","generation":"1769110454952365"}},"dockerRegistry":"ARTIFACT_REGISTRY","serviceAccount":"projects/proshot-ai-a365e/serviceAccounts/793421427372-compute@developer.gserviceaccount.com","automaticUpdatePolicy":{}},"serviceConfig":{"service":"projects/proshot-ai-a365e/locations/us-central1/services/generateprofessionalbackground","timeoutSeconds":300,"environmentVariables":{"FIREBASE_CONFIG":"{\"projectId\":\"proshot-ai-a365e\",\"storageBucket\":\"proshot-ai-a365e.firebasestorage.app\"}","GCLOUD_PROJECT":"proshot-ai-a365e","EVENTARC_CLOUD_EVENT_SOURCE":"projects/proshot-ai-a365e/locations/us-central1/services/generateProfessionalBackground","FUNCTION_SIGNATURE_TYPE":"cloudevent","FUNCTION_TARGET":"generateProfessionalBackground","LOG_EXECUTION_ID":"true"},"maxInstanceCount":10,"ingressSettings":"ALLOW_ALL","uri":"https://generateprofessionalbackground-kyitjbxhva-uc.a.run.app","serviceAccountEmail":"793421427372-compute@developer.gserviceaccount.com","availableMemory":"2Gi","allTrafficOnLatestRevision":true,"revision":"generateprofessionalbackground-00023-zex","maxInstanceRequestConcurrency":80,"availableCpu":"2"},"eventTrigger":{"trigger":"projects/proshot-ai-a365e/locations/us-central1/triggers/generateprofessionalbackground-570015","triggerRegion":"us-central1","eventType":"google.cloud.storage.object.v1.finalized","eventFilters":[{"attribute":"bucket","value":"proshot-ai-a365e.firebasestorage.app"}],"pubsubTopic":"projects/proshot-ai-a365e/topics/eventarc-us-central1-generateprofessionalbackground-570015-283","serviceAccountEmail":"793421427372-compute@developer.gserviceaccount.com","retryPolicy":"RETRY_POLICY_DO_NOT_RETRY"},"state":"ACTIVE","updateTime":"2026-01-22T19:35:27.736406684Z","labels":{"deployment-tool":"cli-firebase","firebase-functions-hash":"a1dcbf5eeca48f78350f3cccc929641cc28dea80"},"environment":"GEN_2","url":"https://us-central1-proshot-ai-a365e.cloudfunctions.net/generateProfessionalBackground","createTime":"2026-01-22T12:55:22.627306615Z","satisfiesPzi":true}]}
[info] i  functions: ensuring required API run.googleapis.com is enabled... 
[info] i  functions: ensuring required API eventarc.googleapis.com is enabled... 
[info] i  functions: ensuring required API pubsub.googleapis.com is enabled... 
[info] i  functions: ensuring required API storage.googleapis.com is enabled... 
[info] i  functions: generating the service identity for pubsub.googleapis.com... 
[debug] [2026-01-22T20:06:47.593Z] Checked if tokens are valid: true, expires at: 1769114024135
[debug] [2026-01-22T20:06:47.593Z] Checked if tokens are valid: true, expires at: 1769114024135
[info] i  functions: generating the service identity for eventarc.googleapis.com... 
[debug] [2026-01-22T20:06:47.594Z] Checked if tokens are valid: true, expires at: 1769114024135
[debug] [2026-01-22T20:06:47.594Z] Checked if tokens are valid: true, expires at: 1769114024135
[debug] [2026-01-22T20:06:47.594Z] >>> [apiv2][query] POST https://serviceusage.googleapis.com/v1beta1/projects/793421427372/services/pubsub.googleapis.com:generateServiceIdentity [none]
[debug] [2026-01-22T20:06:47.594Z] >>> [apiv2][(partial)header] POST https://serviceusage.googleapis.com/v1beta1/projects/793421427372/services/pubsub.googleapis.com:generateServiceIdentity x-goog-quota-user=projects/793421427372
[debug] [2026-01-22T20:06:47.594Z] >>> [apiv2][body] POST https://serviceusage.googleapis.com/v1beta1/projects/793421427372/services/pubsub.googleapis.com:generateServiceIdentity {}
[debug] [2026-01-22T20:06:47.595Z] >>> [apiv2][query] POST https://serviceusage.googleapis.com/v1beta1/projects/793421427372/services/eventarc.googleapis.com:generateServiceIdentity [none]
[debug] [2026-01-22T20:06:47.595Z] >>> [apiv2][(partial)header] POST https://serviceusage.googleapis.com/v1beta1/projects/793421427372/services/eventarc.googleapis.com:generateServiceIdentity x-goog-quota-user=projects/793421427372
[debug] [2026-01-22T20:06:47.595Z] >>> [apiv2][body] POST https://serviceusage.googleapis.com/v1beta1/projects/793421427372/services/eventarc.googleapis.com:generateServiceIdentity {}
[debug] [2026-01-22T20:06:48.823Z] <<< [apiv2][status] POST https://serviceusage.googleapis.com/v1beta1/projects/793421427372/services/pubsub.googleapis.com:generateServiceIdentity 200
[debug] [2026-01-22T20:06:48.823Z] <<< [apiv2][body] POST https://serviceusage.googleapis.com/v1beta1/projects/793421427372/services/pubsub.googleapis.com:generateServiceIdentity {"name":"operations/finished.DONE_OPERATION","done":true,"response":{"@type":"type.googleapis.com/google.api.serviceusage.v1beta1.ServiceIdentity","email":"service-793421427372@gcp-sa-pubsub.iam.gserviceaccount.com","uniqueId":"103266729865348982576"}}
[debug] [2026-01-22T20:06:49.319Z] <<< [apiv2][status] POST https://serviceusage.googleapis.com/v1beta1/projects/793421427372/services/eventarc.googleapis.com:generateServiceIdentity 200
[debug] [2026-01-22T20:06:49.319Z] <<< [apiv2][body] POST https://serviceusage.googleapis.com/v1beta1/projects/793421427372/services/eventarc.googleapis.com:generateServiceIdentity {"name":"operations/finished.DONE_OPERATION","done":true,"response":{"@type":"type.googleapis.com/google.api.serviceusage.v1beta1.ServiceIdentity","email":"service-793421427372@gcp-sa-eventarc.iam.gserviceaccount.com","uniqueId":"115138730608110079423"}}
[debug] [2026-01-22T20:06:49.321Z] Checked if tokens are valid: true, expires at: 1769114024135
[debug] [2026-01-22T20:06:49.321Z] Checked if tokens are valid: true, expires at: 1769114024135
[debug] [2026-01-22T20:06:49.321Z] >>> [apiv2][query] GET https://cloudresourcemanager.googleapis.com/v1/projects/proshot-ai-a365e [none]
[debug] [2026-01-22T20:06:49.557Z] <<< [apiv2][status] GET https://cloudresourcemanager.googleapis.com/v1/projects/proshot-ai-a365e 200
[debug] [2026-01-22T20:06:49.557Z] <<< [apiv2][body] GET https://cloudresourcemanager.googleapis.com/v1/projects/proshot-ai-a365e {"projectNumber":"793421427372","projectId":"proshot-ai-a365e","lifecycleState":"ACTIVE","name":"ProShot AI","labels":{"firebase":"enabled","firebase-core":"disabled"},"createTime":"2026-01-22T11:23:15.461193Z"}
[debug] [2026-01-22T20:06:49.557Z] Checked if tokens are valid: true, expires at: 1769114024135
[debug] [2026-01-22T20:06:49.557Z] Checked if tokens are valid: true, expires at: 1769114024135
[debug] [2026-01-22T20:06:49.557Z] >>> [apiv2][query] GET https://compute.googleapis.com/compute/v1/projects/793421427372 [none]
[debug] [2026-01-22T20:06:49.966Z] <<< [apiv2][status] GET https://compute.googleapis.com/compute/v1/projects/793421427372 403
[debug] [2026-01-22T20:06:49.967Z] <<< [apiv2][body] GET https://compute.googleapis.com/compute/v1/projects/793421427372 {"error":{"code":403,"message":"Compute Engine API has not been used in project 793421427372 before or it is disabled. Enable it by visiting https://console.developers.google.com/apis/api/compute.googleapis.com/overview?project=793421427372 then retry. If you enabled this API recently, wait a few minutes for the action to propagate to our systems and retry.","errors":[{"message":"Compute Engine API has not been used in project 793421427372 before or it is disabled. Enable it by visiting https://console.developers.google.com/apis/api/compute.googleapis.com/overview?project=793421427372 then retry. If you enabled this API recently, wait a few minutes for the action to propagate to our systems and retry.","domain":"usageLimits","reason":"accessNotConfigured","extendedHelp":"https://console.developers.google.com"}],"status":"PERMISSION_DENIED","details":[{"@type":"type.googleapis.com/google.rpc.ErrorInfo","reason":"SERVICE_DISABLED","domain":"googleapis.com","metadata":{"service":"compute.googleapis.com","containerInfo":"793421427372","activationUrl":"https://console.developers.google.com/apis/api/compute.googleapis.com/overview?project=793421427372","serviceTitle":"Compute Engine API","consumer":"projects/793421427372"}},{"@type":"type.googleapis.com/google.rpc.LocalizedMessage","locale":"en-US","message":"Compute Engine API has not been used in project 793421427372 before or it is disabled. Enable it by visiting https://console.developers.google.com/apis/api/compute.googleapis.com/overview?project=793421427372 then retry. If you enabled this API recently, wait a few minutes for the action to propagate to our systems and retry."},{"@type":"type.googleapis.com/google.rpc.Help","links":[{"description":"Google developers console API activation","url":"https://console.developers.google.com/apis/api/compute.googleapis.com/overview?project=793421427372"}]}]}}
[debug] [2026-01-22T20:06:49.968Z] unable to look up default compute service account. Falling back to 793421427372-compute@developer.gserviceaccount.com. Error: {"name":"FirebaseError","children":[],"context":{"body":{"error":{"code":403,"message":"Compute Engine API has not been used in project 793421427372 before or it is disabled. Enable it by visiting https://console.developers.google.com/apis/api/compute.googleapis.com/overview?project=793421427372 then retry. If you enabled this API recently, wait a few minutes for the action to propagate to our systems and retry.","errors":[{"message":"Compute Engine API has not been used in project 793421427372 before or it is disabled. Enable it by visiting https://console.developers.google.com/apis/api/compute.googleapis.com/overview?project=793421427372 then retry. If you enabled this API recently, wait a few minutes for the action to propagate to our systems and retry.","domain":"usageLimits","reason":"accessNotConfigured","extendedHelp":"https://console.developers.google.com"}],"status":"PERMISSION_DENIED","details":[{"@type":"type.googleapis.com/google.rpc.ErrorInfo","reason":"SERVICE_DISABLED","domain":"googleapis.com","metadata":{"service":"compute.googleapis.com","containerInfo":"793421427372","activationUrl":"https://console.developers.google.com/apis/api/compute.googleapis.com/overview?project=793421427372","serviceTitle":"Compute Engine API","consumer":"projects/793421427372"}},{"@type":"type.googleapis.com/google.rpc.LocalizedMessage","locale":"en-US","message":"Compute Engine API has not been used in project 793421427372 before or it is disabled. Enable it by visiting https://console.developers.google.com/apis/api/compute.googleapis.com/overview?project=793421427372 then retry. If you enabled this API recently, wait a few minutes for the action to propagate to our systems and retry."},{"@type":"type.googleapis.com/google.rpc.Help","links":[{"description":"Google developers console API activation","url":"https://console.developers.google.com/apis/api/compute.googleapis.com/overview?project=793421427372"}]}]}},"response":{"statusCode":403}},"exit":1,"message":"Request to https://compute.googleapis.com/compute/v1/projects/793421427372 had HTTP Error: 403, Compute Engine API has not been used in project 793421427372 before or it is disabled. Enable it by visiting https://console.developers.google.com/apis/api/compute.googleapis.com/overview?project=793421427372 then retry. If you enabled this API recently, wait a few minutes for the action to propagate to our systems and retry.","status":403}
[debug] [2026-01-22T20:06:49.969Z] Checked if tokens are valid: true, expires at: 1769114024135
[debug] [2026-01-22T20:06:49.970Z] Checked if tokens are valid: true, expires at: 1769114024135
[debug] [2026-01-22T20:06:49.970Z] >>> [apiv2][query] GET https://cloudbilling.googleapis.com/v1/projects/proshot-ai-a365e/billingInfo [none]
[debug] [2026-01-22T20:06:50.832Z] <<< [apiv2][status] GET https://cloudbilling.googleapis.com/v1/projects/proshot-ai-a365e/billingInfo 200
[debug] [2026-01-22T20:06:50.832Z] <<< [apiv2][body] GET https://cloudbilling.googleapis.com/v1/projects/proshot-ai-a365e/billingInfo {"name":"projects/proshot-ai-a365e/billingInfo","projectId":"proshot-ai-a365e","billingAccountName":"billingAccounts/010660-2AEFFF-83C76F","billingEnabled":true}
[debug] [2026-01-22T20:06:50.835Z] Checked if tokens are valid: true, expires at: 1769114024135
[debug] [2026-01-22T20:06:50.835Z] Checked if tokens are valid: true, expires at: 1769114024135
[debug] [2026-01-22T20:06:50.835Z] >>> [apiv2][query] POST https://cloudfunctions.googleapis.com/v2/projects/proshot-ai-a365e/locations/us-central1/functions:generateUploadUrl [none]
[debug] [2026-01-22T20:06:51.657Z] <<< [apiv2][status] POST https://cloudfunctions.googleapis.com/v2/projects/proshot-ai-a365e/locations/us-central1/functions:generateUploadUrl 200
[debug] [2026-01-22T20:06:51.657Z] <<< [apiv2][body] POST https://cloudfunctions.googleapis.com/v2/projects/proshot-ai-a365e/locations/us-central1/functions:generateUploadUrl {"uploadUrl":"https://storage.googleapis.com/gcf-v2-uploads-793421427372.us-central1.cloudfunctions.appspot.com/3e11fcac-86fd-4d9f-927f-4481b20cb551.zip?GoogleAccessId=service-793421427372@gcf-admin-robot.iam.gserviceaccount.com&Expires=1769114211&Signature=ML8bgSZ36UO6GNepHDe3t8c6i0GaS3zEwFcye%2FpnNGaNqJpve%2Fw2pIGCAZlmV4VCZd6u8i1efWlzJ2rD%2Fh1MPdKyeAi5j7a9WLlgiQ6Pj4TW8p1fMMi%2BKE7it37mfamZZUiQ1IxdgJa4F1nk%2F4S0%2Fc72hV6IJU%2B4zg%2F7MNv0aY0Lr47RuuMZWc%2FjKL7o8jHeh%2FIeb2j3MhhL6GHjv7zoslcyf1RP57tuvN7n8aJ%2B%2FbbEkj6Utm3j62UTJmWGxga6kekvORY78ZdxVAzDbsqi7CmgGcCDYGOS7D9WBmlzXoTeZVm83oXWXBLbYiTif4OLy9DnSN2AOdLfhPIAW3wRDA%3D%3D","storageSource":{"bucket":"gcf-v2-uploads-793421427372.us-central1.cloudfunctions.appspot.com","object":"3e11fcac-86fd-4d9f-927f-4481b20cb551.zip"}}
[debug] [2026-01-22T20:06:51.658Z] >>> [apiv2][query] PUT https://storage.googleapis.com/gcf-v2-uploads-793421427372.us-central1.cloudfunctions.appspot.com/3e11fcac-86fd-4d9f-927f-4481b20cb551.zip GoogleAccessId=service-793421427372%40gcf-admin-robot.iam.gserviceaccount.com&Expires=1769114211&Signature=ML8bgSZ36UO6GNepHDe3t8c6i0GaS3zEwFcye%2FpnNGaNqJpve%2Fw2pIGCAZlmV4VCZd6u8i1efWlzJ2rD%2Fh1MPdKyeAi5j7a9WLlgiQ6Pj4TW8p1fMMi%2BKE7it37mfamZZUiQ1IxdgJa4F1nk%2F4S0%2Fc72hV6IJU%2B4zg%2F7MNv0aY0Lr47RuuMZWc%2FjKL7o8jHeh%2FIeb2j3MhhL6GHjv7zoslcyf1RP57tuvN7n8aJ%2B%2FbbEkj6Utm3j62UTJmWGxga6kekvORY78ZdxVAzDbsqi7CmgGcCDYGOS7D9WBmlzXoTeZVm83oXWXBLbYiTif4OLy9DnSN2AOdLfhPIAW3wRDA%3D%3D
[debug] [2026-01-22T20:06:51.658Z] >>> [apiv2][body] PUT https://storage.googleapis.com/gcf-v2-uploads-793421427372.us-central1.cloudfunctions.appspot.com/3e11fcac-86fd-4d9f-927f-4481b20cb551.zip [stream]
[debug] [2026-01-22T20:06:52.406Z] <<< [apiv2][status] PUT https://storage.googleapis.com/gcf-v2-uploads-793421427372.us-central1.cloudfunctions.appspot.com/3e11fcac-86fd-4d9f-927f-4481b20cb551.zip 200
[debug] [2026-01-22T20:06:52.406Z] <<< [apiv2][body] PUT https://storage.googleapis.com/gcf-v2-uploads-793421427372.us-central1.cloudfunctions.appspot.com/3e11fcac-86fd-4d9f-927f-4481b20cb551.zip [omitted]
[info] +  functions: functions folder uploaded successfully 
[info] i  functions: updating Node.js 20 (2nd Gen) function generateProfessionalBackground(us-central1)... 
[debug] [2026-01-22T20:06:52.412Z] Checked if tokens are valid: true, expires at: 1769114024135
[debug] [2026-01-22T20:06:52.412Z] Checked if tokens are valid: true, expires at: 1769114024135
[debug] [2026-01-22T20:06:52.412Z] >>> [apiv2][query] PATCH https://cloudfunctions.googleapis.com/v2/projects/proshot-ai-a365e/locations/us-central1/functions/generateProfessionalBackground updateMask=name%2CbuildConfig.runtime%2CbuildConfig.entryPoint%2CbuildConfig.source.storageSource.bucket%2CbuildConfig.source.storageSource.object%2CbuildConfig.environmentVariables%2CbuildConfig.sourceToken%2CserviceConfig.environmentVariables%2CserviceConfig.ingressSettings%2CserviceConfig.timeoutSeconds%2CserviceConfig.serviceAccountEmail%2CserviceConfig.availableMemory%2CserviceConfig.minInstanceCount%2CserviceConfig.maxInstanceCount%2CserviceConfig.maxInstanceRequestConcurrency%2CserviceConfig.availableCpu%2CserviceConfig.vpcConnector%2CserviceConfig.vpcConnectorEgressSettings%2Clabels%2CeventTrigger.eventType%2CeventTrigger.retryPolicy%2CeventTrigger.eventFilters%2CeventTrigger.triggerRegion
[debug] [2026-01-22T20:06:52.412Z] >>> [apiv2][body] PATCH https://cloudfunctions.googleapis.com/v2/projects/proshot-ai-a365e/locations/us-central1/functions/generateProfessionalBackground {"name":"projects/proshot-ai-a365e/locations/us-central1/functions/generateProfessionalBackground","buildConfig":{"runtime":"nodejs20","entryPoint":"generateProfessionalBackground","source":{"storageSource":{"bucket":"gcf-v2-uploads-793421427372.us-central1.cloudfunctions.appspot.com","object":"3e11fcac-86fd-4d9f-927f-4481b20cb551.zip"}},"environmentVariables":{"GOOGLE_NODE_RUN_SCRIPTS":""}},"serviceConfig":{"environmentVariables":{"FIREBASE_CONFIG":"{\"projectId\":\"proshot-ai-a365e\",\"storageBucket\":\"proshot-ai-a365e.firebasestorage.app\"}","GCLOUD_PROJECT":"proshot-ai-a365e","EVENTARC_CLOUD_EVENT_SOURCE":"projects/proshot-ai-a365e/locations/us-central1/services/generateProfessionalBackground","FUNCTION_SIGNATURE_TYPE":"cloudevent","FUNCTION_TARGET":"generateProfessionalBackground","LOG_EXECUTION_ID":"true"},"ingressSettings":null,"timeoutSeconds":300,"serviceAccountEmail":null,"availableMemory":"2Gi","minInstanceCount":null,"maxInstanceCount":null,"maxInstanceRequestConcurrency":80,"availableCpu":"2","vpcConnector":null,"vpcConnectorEgressSettings":null},"labels":{"deployment-tool":"cli-firebase","firebase-functions-hash":"e6fb7297e0acbaa21ef46ddcecf3a550d7579f9c"},"eventTrigger":{"eventType":"google.cloud.storage.object.v1.finalized","retryPolicy":"RETRY_POLICY_DO_NOT_RETRY","eventFilters":[{"attribute":"bucket","value":"proshot-ai-a365e.firebasestorage.app"}],"triggerRegion":"us-central1"}}
[debug] [2026-01-22T20:06:53.995Z] <<< [apiv2][status] PATCH https://cloudfunctions.googleapis.com/v2/projects/proshot-ai-a365e/locations/us-central1/functions/generateProfessionalBackground 200
[debug] [2026-01-22T20:06:53.996Z] <<< [apiv2][body] PATCH https://cloudfunctions.googleapis.com/v2/projects/proshot-ai-a365e/locations/us-central1/functions/generateProfessionalBackground {"name":"projects/proshot-ai-a365e/locations/us-central1/operations/operation-1769112412819-648ff94ef1047-d9cfad08-9cf9396a","metadata":{"@type":"type.googleapis.com/google.cloud.functions.v2.OperationMetadata","createTime":"2026-01-22T20:06:53.664843007Z","target":"projects/proshot-ai-a365e/locations/us-central1/functions/generateProfessionalBackground","verb":"update","cancelRequested":false,"apiVersion":"v2"},"done":false}
[debug] [2026-01-22T20:06:53.997Z] Checked if tokens are valid: true, expires at: 1769114024135
[debug] [2026-01-22T20:06:53.997Z] Checked if tokens are valid: true, expires at: 1769114024135
[debug] [2026-01-22T20:06:53.997Z] >>> [apiv2][query] GET https://cloudfunctions.googleapis.com/v2/projects/proshot-ai-a365e/locations/us-central1/operations/operation-1769112412819-648ff94ef1047-d9cfad08-9cf9396a [none]
[debug] [2026-01-22T20:06:54.752Z] <<< [apiv2][status] GET https://cloudfunctions.googleapis.com/v2/projects/proshot-ai-a365e/locations/us-central1/operations/operation-1769112412819-648ff94ef1047-d9cfad08-9cf9396a 200
[debug] [2026-01-22T20:06:54.752Z] <<< [apiv2][body] GET https://cloudfunctions.googleapis.com/v2/projects/proshot-ai-a365e/locations/us-central1/operations/operation-1769112412819-648ff94ef1047-d9cfad08-9cf9396a {"name":"projects/proshot-ai-a365e/locations/us-central1/operations/operation-1769112412819-648ff94ef1047-d9cfad08-9cf9396a","metadata":{"@type":"type.googleapis.com/google.cloud.functions.v2.OperationMetadata","createTime":"2026-01-22T20:06:53.664843007Z","target":"projects/proshot-ai-a365e/locations/us-central1/functions/generateProfessionalBackground","verb":"update","cancelRequested":false,"apiVersion":"v2","requestResource":{"@type":"type.googleapis.com/google.cloud.functions.v2.Function","name":"projects/proshot-ai-a365e/locations/us-central1/functions/generateProfessionalBackground","buildConfig":{"runtime":"nodejs20","entryPoint":"generateProfessionalBackground","source":{"storageSource":{"bucket":"gcf-v2-sources-793421427372-us-central1","object":"generateProfessionalBackground/function-source.zip","generation":"1769112413614480"}},"environmentVariables":{"GOOGLE_NODE_RUN_SCRIPTS":""},"dockerRepository":"projects/proshot-ai-a365e/locations/us-central1/repositories/gcf-artifacts","sourceProvenance":{"resolvedStorageSource":{"bucket":"gcf-v2-sources-793421427372-us-central1","object":"generateProfessionalBackground/function-source.zip","generation":"1769110454952365"}},"dockerRegistry":"ARTIFACT_REGISTRY","serviceAccount":"projects/proshot-ai-a365e/serviceAccounts/793421427372-compute@developer.gserviceaccount.com","automaticUpdatePolicy":{}},"serviceConfig":{"service":"projects/proshot-ai-a365e/locations/us-central1/services/generateprofessionalbackground","timeoutSeconds":300,"environmentVariables":{"FIREBASE_CONFIG":"{\"projectId\":\"proshot-ai-a365e\",\"storageBucket\":\"proshot-ai-a365e.firebasestorage.app\"}","GCLOUD_PROJECT":"proshot-ai-a365e","EVENTARC_CLOUD_EVENT_SOURCE":"projects/proshot-ai-a365e/locations/us-central1/services/generateProfessionalBackground","FUNCTION_SIGNATURE_TYPE":"cloudevent","FUNCTION_TARGET":"generateProfessionalBackground","LOG_EXECUTION_ID":"true"},"ingressSettings":"ALLOW_ALL","uri":"https://generateprofessionalbackground-kyitjbxhva-uc.a.run.app","serviceAccountEmail":"793421427372-compute@developer.gserviceaccount.com","availableMemory":"2Gi","allTrafficOnLatestRevision":true,"revision":"generateprofessionalbackground-00023-zex","maxInstanceRequestConcurrency":80,"availableCpu":"2"},"eventTrigger":{"trigger":"projects/proshot-ai-a365e/locations/us-central1/triggers/generateprofessionalbackground-570015","triggerRegion":"us-central1","eventType":"google.cloud.storage.object.v1.finalized","eventFilters":[{"attribute":"bucket","value":"proshot-ai-a365e.firebasestorage.app"}],"pubsubTopic":"projects/proshot-ai-a365e/topics/eventarc-us-central1-generateprofessionalbackground-570015-283","serviceAccountEmail":"793421427372-compute@developer.gserviceaccount.com","retryPolicy":"RETRY_POLICY_DO_NOT_RETRY"},"state":"ACTIVE","labels":{"deployment-tool":"cli-firebase","firebase-functions-hash":"e6fb7297e0acbaa21ef46ddcecf3a550d7579f9c"},"environment":"GEN_2","url":"https://us-central1-proshot-ai-a365e.cloudfunctions.net/generateProfessionalBackground","satisfiesPzi":true},"stages":[{"name":"BUILD","message":"Creating build","state":"IN_PROGRESS","resource":"projects/793421427372/locations/us-central1/builds/e04582d5-515a-4636-80f9-97186244607a","resourceUri":"https://console.cloud.google.com/cloud-build/builds;region=us-central1/e04582d5-515a-4636-80f9-97186244607a?project=793421427372"},{"name":"SERVICE","state":"NOT_STARTED"},{"name":"TRIGGER","state":"NOT_STARTED"}],"operationType":"UPDATE_FUNCTION","buildName":"projects/793421427372/locations/us-central1/builds/e04582d5-515a-4636-80f9-97186244607a"},"done":false}
[debug] [2026-01-22T20:06:55.261Z] [update-default-us-central1-generateProfessionalBackground] Retrying task index 0
[debug] [2026-01-22T20:06:55.262Z] Checked if tokens are valid: true, expires at: 1769114024135
[debug] [2026-01-22T20:06:55.262Z] Checked if tokens are valid: true, expires at: 1769114024135
[debug] [2026-01-22T20:06:55.262Z] >>> [apiv2][query] GET https://cloudfunctions.googleapis.com/v2/projects/proshot-ai-a365e/locations/us-central1/operations/operation-1769112412819-648ff94ef1047-d9cfad08-9cf9396a [none]
[debug] [2026-01-22T20:06:55.995Z] <<< [apiv2][status] GET https://cloudfunctions.googleapis.com/v2/projects/proshot-ai-a365e/locations/us-central1/operations/operation-1769112412819-648ff94ef1047-d9cfad08-9cf9396a 200
[debug] [2026-01-22T20:06:55.995Z] <<< [apiv2][body] GET https://cloudfunctions.googleapis.com/v2/projects/proshot-ai-a365e/locations/us-central1/operations/operation-1769112412819-648ff94ef1047-d9cfad08-9cf9396a {"name":"projects/proshot-ai-a365e/locations/us-central1/operations/operation-1769112412819-648ff94ef1047-d9cfad08-9cf9396a","metadata":{"@type":"type.googleapis.com/google.cloud.functions.v2.OperationMetadata","createTime":"2026-01-22T20:06:53.664843007Z","target":"projects/proshot-ai-a365e/locations/us-central1/functions/generateProfessionalBackground","verb":"update","cancelRequested":false,"apiVersion":"v2","requestResource":{"@type":"type.googleapis.com/google.cloud.functions.v2.Function","name":"projects/proshot-ai-a365e/locations/us-central1/functions/generateProfessionalBackground","buildConfig":{"runtime":"nodejs20","entryPoint":"generateProfessionalBackground","source":{"storageSource":{"bucket":"gcf-v2-sources-793421427372-us-central1","object":"generateProfessionalBackground/function-source.zip","generation":"1769112413614480"}},"environmentVariables":{"GOOGLE_NODE_RUN_SCRIPTS":""},"dockerRepository":"projects/proshot-ai-a365e/locations/us-central1/repositories/gcf-artifacts","sourceProvenance":{"resolvedStorageSource":{"bucket":"gcf-v2-sources-793421427372-us-central1","object":"generateProfessionalBackground/function-source.zip","generation":"1769110454952365"}},"dockerRegistry":"ARTIFACT_REGISTRY","serviceAccount":"projects/proshot-ai-a365e/serviceAccounts/793421427372-compute@developer.gserviceaccount.com","automaticUpdatePolicy":{}},"serviceConfig":{"service":"projects/proshot-ai-a365e/locations/us-central1/services/generateprofessionalbackground","timeoutSeconds":300,"environmentVariables":{"FIREBASE_CONFIG":"{\"projectId\":\"proshot-ai-a365e\",\"storageBucket\":\"proshot-ai-a365e.firebasestorage.app\"}","GCLOUD_PROJECT":"proshot-ai-a365e","EVENTARC_CLOUD_EVENT_SOURCE":"projects/proshot-ai-a365e/locations/us-central1/services/generateProfessionalBackground","FUNCTION_SIGNATURE_TYPE":"cloudevent","FUNCTION_TARGET":"generateProfessionalBackground","LOG_EXECUTION_ID":"true"},"ingressSettings":"ALLOW_ALL","uri":"https://generateprofessionalbackground-kyitjbxhva-uc.a.run.app","serviceAccountEmail":"793421427372-compute@developer.gserviceaccount.com","availableMemory":"2Gi","allTrafficOnLatestRevision":true,"revision":"generateprofessionalbackground-00023-zex","maxInstanceRequestConcurrency":80,"availableCpu":"2"},"eventTrigger":{"trigger":"projects/proshot-ai-a365e/locations/us-central1/triggers/generateprofessionalbackground-570015","triggerRegion":"us-central1","eventType":"google.cloud.storage.object.v1.finalized","eventFilters":[{"attribute":"bucket","value":"proshot-ai-a365e.firebasestorage.app"}],"pubsubTopic":"projects/proshot-ai-a365e/topics/eventarc-us-central1-generateprofessionalbackground-570015-283","serviceAccountEmail":"793421427372-compute@developer.gserviceaccount.com","retryPolicy":"RETRY_POLICY_DO_NOT_RETRY"},"state":"ACTIVE","labels":{"deployment-tool":"cli-firebase","firebase-functions-hash":"e6fb7297e0acbaa21ef46ddcecf3a550d7579f9c"},"environment":"GEN_2","url":"https://us-central1-proshot-ai-a365e.cloudfunctions.net/generateProfessionalBackground","satisfiesPzi":true},"stages":[{"name":"BUILD","message":"Build in progress","state":"IN_PROGRESS","resource":"projects/793421427372/locations/us-central1/builds/e04582d5-515a-4636-80f9-97186244607a","resourceUri":"https://console.cloud.google.com/cloud-build/builds;region=us-central1/e04582d5-515a-4636-80f9-97186244607a?project=793421427372"},{"name":"SERVICE","state":"NOT_STARTED"},{"name":"TRIGGER","state":"NOT_STARTED"}],"operationType":"UPDATE_FUNCTION","buildName":"projects/793421427372/locations/us-central1/builds/e04582d5-515a-4636-80f9-97186244607a"},"done":false}
[debug] [2026-01-22T20:06:57.005Z] [update-default-us-central1-generateProfessionalBackground] Retrying task index 0
[debug] [2026-01-22T20:06:57.006Z] Checked if tokens are valid: true, expires at: 1769114024135
[debug] [2026-01-22T20:06:57.006Z] Checked if tokens are valid: true, expires at: 1769114024135
[debug] [2026-01-22T20:06:57.006Z] >>> [apiv2][query] GET https://cloudfunctions.googleapis.com/v2/projects/proshot-ai-a365e/locations/us-central1/operations/operation-1769112412819-648ff94ef1047-d9cfad08-9cf9396a [none]
[debug] [2026-01-22T20:06:57.736Z] <<< [apiv2][status] GET https://cloudfunctions.googleapis.com/v2/projects/proshot-ai-a365e/locations/us-central1/operations/operation-1769112412819-648ff94ef1047-d9cfad08-9cf9396a 200
[debug] [2026-01-22T20:06:57.736Z] <<< [apiv2][body] GET https://cloudfunctions.googleapis.com/v2/projects/proshot-ai-a365e/locations/us-central1/operations/operation-1769112412819-648ff94ef1047-d9cfad08-9cf9396a {"name":"projects/proshot-ai-a365e/locations/us-central1/operations/operation-1769112412819-648ff94ef1047-d9cfad08-9cf9396a","metadata":{"@type":"type.googleapis.com/google.cloud.functions.v2.OperationMetadata","createTime":"2026-01-22T20:06:53.664843007Z","target":"projects/proshot-ai-a365e/locations/us-central1/functions/generateProfessionalBackground","verb":"update","cancelRequested":false,"apiVersion":"v2","requestResource":{"@type":"type.googleapis.com/google.cloud.functions.v2.Function","name":"projects/proshot-ai-a365e/locations/us-central1/functions/generateProfessionalBackground","buildConfig":{"runtime":"nodejs20","entryPoint":"generateProfessionalBackground","source":{"storageSource":{"bucket":"gcf-v2-sources-793421427372-us-central1","object":"generateProfessionalBackground/function-source.zip","generation":"1769112413614480"}},"environmentVariables":{"GOOGLE_NODE_RUN_SCRIPTS":""},"dockerRepository":"projects/proshot-ai-a365e/locations/us-central1/repositories/gcf-artifacts","sourceProvenance":{"resolvedStorageSource":{"bucket":"gcf-v2-sources-793421427372-us-central1","object":"generateProfessionalBackground/function-source.zip","generation":"1769110454952365"}},"dockerRegistry":"ARTIFACT_REGISTRY","serviceAccount":"projects/proshot-ai-a365e/serviceAccounts/793421427372-compute@developer.gserviceaccount.com","automaticUpdatePolicy":{}},"serviceConfig":{"service":"projects/proshot-ai-a365e/locations/us-central1/services/generateprofessionalbackground","timeoutSeconds":300,"environmentVariables":{"FIREBASE_CONFIG":"{\"projectId\":\"proshot-ai-a365e\",\"storageBucket\":\"proshot-ai-a365e.firebasestorage.app\"}","GCLOUD_PROJECT":"proshot-ai-a365e","EVENTARC_CLOUD_EVENT_SOURCE":"projects/proshot-ai-a365e/locations/us-central1/services/generateProfessionalBackground","FUNCTION_SIGNATURE_TYPE":"cloudevent","FUNCTION_TARGET":"generateProfessionalBackground","LOG_EXECUTION_ID":"true"},"ingressSettings":"ALLOW_ALL","uri":"https://generateprofessionalbackground-kyitjbxhva-uc.a.run.app","serviceAccountEmail":"793421427372-compute@developer.gserviceaccount.com","availableMemory":"2Gi","allTrafficOnLatestRevision":true,"revision":"generateprofessionalbackground-00023-zex","maxInstanceRequestConcurrency":80,"availableCpu":"2"},"eventTrigger":{"trigger":"projects/proshot-ai-a365e/locations/us-central1/triggers/generateprofessionalbackground-570015","triggerRegion":"us-central1","eventType":"google.cloud.storage.object.v1.finalized","eventFilters":[{"attribute":"bucket","value":"proshot-ai-a365e.firebasestorage.app"}],"pubsubTopic":"projects/proshot-ai-a365e/topics/eventarc-us-central1-generateprofessionalbackground-570015-283","serviceAccountEmail":"793421427372-compute@developer.gserviceaccount.com","retryPolicy":"RETRY_POLICY_DO_NOT_RETRY"},"state":"ACTIVE","labels":{"deployment-tool":"cli-firebase","firebase-functions-hash":"e6fb7297e0acbaa21ef46ddcecf3a550d7579f9c"},"environment":"GEN_2","url":"https://us-central1-proshot-ai-a365e.cloudfunctions.net/generateProfessionalBackground","satisfiesPzi":true},"stages":[{"name":"BUILD","message":"Build in progress","state":"IN_PROGRESS","resource":"projects/793421427372/locations/us-central1/builds/e04582d5-515a-4636-80f9-97186244607a","resourceUri":"https://console.cloud.google.com/cloud-build/builds;region=us-central1/e04582d5-515a-4636-80f9-97186244607a?project=793421427372"},{"name":"SERVICE","state":"NOT_STARTED"},{"name":"TRIGGER","state":"NOT_STARTED"}],"operationType":"UPDATE_FUNCTION","buildName":"projects/793421427372/locations/us-central1/builds/e04582d5-515a-4636-80f9-97186244607a"},"done":false}
[debug] [2026-01-22T20:06:59.743Z] [update-default-us-central1-generateProfessionalBackground] Retrying task index 0
[debug] [2026-01-22T20:06:59.743Z] Checked if tokens are valid: true, expires at: 1769114024135
[debug] [2026-01-22T20:06:59.743Z] Checked if tokens are valid: true, expires at: 1769114024135
[debug] [2026-01-22T20:06:59.743Z] >>> [apiv2][query] GET https://cloudfunctions.googleapis.com/v2/projects/proshot-ai-a365e/locations/us-central1/operations/operation-1769112412819-648ff94ef1047-d9cfad08-9cf9396a [none]
[debug] [2026-01-22T20:07:00.473Z] <<< [apiv2][status] GET https://cloudfunctions.googleapis.com/v2/projects/proshot-ai-a365e/locations/us-central1/operations/operation-1769112412819-648ff94ef1047-d9cfad08-9cf9396a 200
[debug] [2026-01-22T20:07:00.474Z] <<< [apiv2][body] GET https://cloudfunctions.googleapis.com/v2/projects/proshot-ai-a365e/locations/us-central1/operations/operation-1769112412819-648ff94ef1047-d9cfad08-9cf9396a {"name":"projects/proshot-ai-a365e/locations/us-central1/operations/operation-1769112412819-648ff94ef1047-d9cfad08-9cf9396a","metadata":{"@type":"type.googleapis.com/google.cloud.functions.v2.OperationMetadata","createTime":"2026-01-22T20:06:53.664843007Z","target":"projects/proshot-ai-a365e/locations/us-central1/functions/generateProfessionalBackground","verb":"update","cancelRequested":false,"apiVersion":"v2","requestResource":{"@type":"type.googleapis.com/google.cloud.functions.v2.Function","name":"projects/proshot-ai-a365e/locations/us-central1/functions/generateProfessionalBackground","buildConfig":{"runtime":"nodejs20","entryPoint":"generateProfessionalBackground","source":{"storageSource":{"bucket":"gcf-v2-sources-793421427372-us-central1","object":"generateProfessionalBackground/function-source.zip","generation":"1769112413614480"}},"environmentVariables":{"GOOGLE_NODE_RUN_SCRIPTS":""},"dockerRepository":"projects/proshot-ai-a365e/locations/us-central1/repositories/gcf-artifacts","sourceProvenance":{"resolvedStorageSource":{"bucket":"gcf-v2-sources-793421427372-us-central1","object":"generateProfessionalBackground/function-source.zip","generation":"1769110454952365"}},"dockerRegistry":"ARTIFACT_REGISTRY","serviceAccount":"projects/proshot-ai-a365e/serviceAccounts/793421427372-compute@developer.gserviceaccount.com","automaticUpdatePolicy":{}},"serviceConfig":{"service":"projects/proshot-ai-a365e/locations/us-central1/services/generateprofessionalbackground","timeoutSeconds":300,"environmentVariables":{"FIREBASE_CONFIG":"{\"projectId\":\"proshot-ai-a365e\",\"storageBucket\":\"proshot-ai-a365e.firebasestorage.app\"}","GCLOUD_PROJECT":"proshot-ai-a365e","EVENTARC_CLOUD_EVENT_SOURCE":"projects/proshot-ai-a365e/locations/us-central1/services/generateProfessionalBackground","FUNCTION_SIGNATURE_TYPE":"cloudevent","FUNCTION_TARGET":"generateProfessionalBackground","LOG_EXECUTION_ID":"true"},"ingressSettings":"ALLOW_ALL","uri":"https://generateprofessionalbackground-kyitjbxhva-uc.a.run.app","serviceAccountEmail":"793421427372-compute@developer.gserviceaccount.com","availableMemory":"2Gi","allTrafficOnLatestRevision":true,"revision":"generateprofessionalbackground-00023-zex","maxInstanceRequestConcurrency":80,"availableCpu":"2"},"eventTrigger":{"trigger":"projects/proshot-ai-a365e/locations/us-central1/triggers/generateprofessionalbackground-570015","triggerRegion":"us-central1","eventType":"google.cloud.storage.object.v1.finalized","eventFilters":[{"attribute":"bucket","value":"proshot-ai-a365e.firebasestorage.app"}],"pubsubTopic":"projects/proshot-ai-a365e/topics/eventarc-us-central1-generateprofessionalbackground-570015-283","serviceAccountEmail":"793421427372-compute@developer.gserviceaccount.com","retryPolicy":"RETRY_POLICY_DO_NOT_RETRY"},"state":"ACTIVE","labels":{"deployment-tool":"cli-firebase","firebase-functions-hash":"e6fb7297e0acbaa21ef46ddcecf3a550d7579f9c"},"environment":"GEN_2","url":"https://us-central1-proshot-ai-a365e.cloudfunctions.net/generateProfessionalBackground","satisfiesPzi":true},"stages":[{"name":"BUILD","message":"Build in progress","state":"IN_PROGRESS","resource":"projects/793421427372/locations/us-central1/builds/e04582d5-515a-4636-80f9-97186244607a","resourceUri":"https://console.cloud.google.com/cloud-build/builds;region=us-central1/e04582d5-515a-4636-80f9-97186244607a?project=793421427372"},{"name":"SERVICE","state":"NOT_STARTED"},{"name":"TRIGGER","state":"NOT_STARTED"}],"operationType":"UPDATE_FUNCTION","buildName":"projects/793421427372/locations/us-central1/builds/e04582d5-515a-4636-80f9-97186244607a"},"done":false}
[debug] [2026-01-22T20:07:04.474Z] [update-default-us-central1-generateProfessionalBackground] Retrying task index 0
[debug] [2026-01-22T20:07:04.475Z] Checked if tokens are valid: true, expires at: 1769114024135
[debug] [2026-01-22T20:07:04.475Z] Checked if tokens are valid: true, expires at: 1769114024135
[debug] [2026-01-22T20:07:04.475Z] >>> [apiv2][query] GET https://cloudfunctions.googleapis.com/v2/projects/proshot-ai-a365e/locations/us-central1/operations/operation-1769112412819-648ff94ef1047-d9cfad08-9cf9396a [none]
[debug] [2026-01-22T20:07:04.690Z] <<< [apiv2][status] GET https://cloudfunctions.googleapis.com/v2/projects/proshot-ai-a365e/locations/us-central1/operations/operation-1769112412819-648ff94ef1047-d9cfad08-9cf9396a 200
[debug] [2026-01-22T20:07:04.690Z] <<< [apiv2][body] GET https://cloudfunctions.googleapis.com/v2/projects/proshot-ai-a365e/locations/us-central1/operations/operation-1769112412819-648ff94ef1047-d9cfad08-9cf9396a {"name":"projects/proshot-ai-a365e/locations/us-central1/operations/operation-1769112412819-648ff94ef1047-d9cfad08-9cf9396a","metadata":{"@type":"type.googleapis.com/google.cloud.functions.v2.OperationMetadata","createTime":"2026-01-22T20:06:53.664843007Z","target":"projects/proshot-ai-a365e/locations/us-central1/functions/generateProfessionalBackground","verb":"update","cancelRequested":false,"apiVersion":"v2","requestResource":{"@type":"type.googleapis.com/google.cloud.functions.v2.Function","name":"projects/proshot-ai-a365e/locations/us-central1/functions/generateProfessionalBackground","buildConfig":{"runtime":"nodejs20","entryPoint":"generateProfessionalBackground","source":{"storageSource":{"bucket":"gcf-v2-sources-793421427372-us-central1","object":"generateProfessionalBackground/function-source.zip","generation":"1769112413614480"}},"environmentVariables":{"GOOGLE_NODE_RUN_SCRIPTS":""},"dockerRepository":"projects/proshot-ai-a365e/locations/us-central1/repositories/gcf-artifacts","sourceProvenance":{"resolvedStorageSource":{"bucket":"gcf-v2-sources-793421427372-us-central1","object":"generateProfessionalBackground/function-source.zip","generation":"1769110454952365"}},"dockerRegistry":"ARTIFACT_REGISTRY","serviceAccount":"projects/proshot-ai-a365e/serviceAccounts/793421427372-compute@developer.gserviceaccount.com","automaticUpdatePolicy":{}},"serviceConfig":{"service":"projects/proshot-ai-a365e/locations/us-central1/services/generateprofessionalbackground","timeoutSeconds":300,"environmentVariables":{"FIREBASE_CONFIG":"{\"projectId\":\"proshot-ai-a365e\",\"storageBucket\":\"proshot-ai-a365e.firebasestorage.app\"}","GCLOUD_PROJECT":"proshot-ai-a365e","EVENTARC_CLOUD_EVENT_SOURCE":"projects/proshot-ai-a365e/locations/us-central1/services/generateProfessionalBackground","FUNCTION_SIGNATURE_TYPE":"cloudevent","FUNCTION_TARGET":"generateProfessionalBackground","LOG_EXECUTION_ID":"true"},"ingressSettings":"ALLOW_ALL","uri":"https://generateprofessionalbackground-kyitjbxhva-uc.a.run.app","serviceAccountEmail":"793421427372-compute@developer.gserviceaccount.com","availableMemory":"2Gi","allTrafficOnLatestRevision":true,"revision":"generateprofessionalbackground-00023-zex","maxInstanceRequestConcurrency":80,"availableCpu":"2"},"eventTrigger":{"trigger":"projects/proshot-ai-a365e/locations/us-central1/triggers/generateprofessionalbackground-570015","triggerRegion":"us-central1","eventType":"google.cloud.storage.object.v1.finalized","eventFilters":[{"attribute":"bucket","value":"proshot-ai-a365e.firebasestorage.app"}],"pubsubTopic":"projects/proshot-ai-a365e/topics/eventarc-us-central1-generateprofessionalbackground-570015-283","serviceAccountEmail":"793421427372-compute@developer.gserviceaccount.com","retryPolicy":"RETRY_POLICY_DO_NOT_RETRY"},"state":"ACTIVE","labels":{"deployment-tool":"cli-firebase","firebase-functions-hash":"e6fb7297e0acbaa21ef46ddcecf3a550d7579f9c"},"environment":"GEN_2","url":"https://us-central1-proshot-ai-a365e.cloudfunctions.net/generateProfessionalBackground","satisfiesPzi":true},"stages":[{"name":"BUILD","message":"Build in progress","state":"IN_PROGRESS","resource":"projects/793421427372/locations/us-central1/builds/e04582d5-515a-4636-80f9-97186244607a","resourceUri":"https://console.cloud.google.com/cloud-build/builds;region=us-central1/e04582d5-515a-4636-80f9-97186244607a?project=793421427372"},{"name":"SERVICE","state":"NOT_STARTED"},{"name":"TRIGGER","state":"NOT_STARTED"}],"operationType":"UPDATE_FUNCTION","buildName":"projects/793421427372/locations/us-central1/builds/e04582d5-515a-4636-80f9-97186244607a"},"done":false}
[debug] [2026-01-22T20:07:12.700Z] [update-default-us-central1-generateProfessionalBackground] Retrying task index 0
[debug] [2026-01-22T20:07:12.700Z] Checked if tokens are valid: true, expires at: 1769114024135
[debug] [2026-01-22T20:07:12.701Z] Checked if tokens are valid: true, expires at: 1769114024135
[debug] [2026-01-22T20:07:12.701Z] >>> [apiv2][query] GET https://cloudfunctions.googleapis.com/v2/projects/proshot-ai-a365e/locations/us-central1/operations/operation-1769112412819-648ff94ef1047-d9cfad08-9cf9396a [none]
[debug] [2026-01-22T20:07:13.522Z] <<< [apiv2][status] GET https://cloudfunctions.googleapis.com/v2/projects/proshot-ai-a365e/locations/us-central1/operations/operation-1769112412819-648ff94ef1047-d9cfad08-9cf9396a 200
[debug] [2026-01-22T20:07:13.523Z] <<< [apiv2][body] GET https://cloudfunctions.googleapis.com/v2/projects/proshot-ai-a365e/locations/us-central1/operations/operation-1769112412819-648ff94ef1047-d9cfad08-9cf9396a {"name":"projects/proshot-ai-a365e/locations/us-central1/operations/operation-1769112412819-648ff94ef1047-d9cfad08-9cf9396a","metadata":{"@type":"type.googleapis.com/google.cloud.functions.v2.OperationMetadata","createTime":"2026-01-22T20:06:53.664843007Z","target":"projects/proshot-ai-a365e/locations/us-central1/functions/generateProfessionalBackground","verb":"update","cancelRequested":false,"apiVersion":"v2","requestResource":{"@type":"type.googleapis.com/google.cloud.functions.v2.Function","name":"projects/proshot-ai-a365e/locations/us-central1/functions/generateProfessionalBackground","buildConfig":{"runtime":"nodejs20","entryPoint":"generateProfessionalBackground","source":{"storageSource":{"bucket":"gcf-v2-sources-793421427372-us-central1","object":"generateProfessionalBackground/function-source.zip","generation":"1769112413614480"}},"environmentVariables":{"GOOGLE_NODE_RUN_SCRIPTS":""},"dockerRepository":"projects/proshot-ai-a365e/locations/us-central1/repositories/gcf-artifacts","sourceProvenance":{"resolvedStorageSource":{"bucket":"gcf-v2-sources-793421427372-us-central1","object":"generateProfessionalBackground/function-source.zip","generation":"1769110454952365"}},"dockerRegistry":"ARTIFACT_REGISTRY","serviceAccount":"projects/proshot-ai-a365e/serviceAccounts/793421427372-compute@developer.gserviceaccount.com","automaticUpdatePolicy":{}},"serviceConfig":{"service":"projects/proshot-ai-a365e/locations/us-central1/services/generateprofessionalbackground","timeoutSeconds":300,"environmentVariables":{"FIREBASE_CONFIG":"{\"projectId\":\"proshot-ai-a365e\",\"storageBucket\":\"proshot-ai-a365e.firebasestorage.app\"}","GCLOUD_PROJECT":"proshot-ai-a365e","EVENTARC_CLOUD_EVENT_SOURCE":"projects/proshot-ai-a365e/locations/us-central1/services/generateProfessionalBackground","FUNCTION_SIGNATURE_TYPE":"cloudevent","FUNCTION_TARGET":"generateProfessionalBackground","LOG_EXECUTION_ID":"true"},"ingressSettings":"ALLOW_ALL","uri":"https://generateprofessionalbackground-kyitjbxhva-uc.a.run.app","serviceAccountEmail":"793421427372-compute@developer.gserviceaccount.com","availableMemory":"2Gi","allTrafficOnLatestRevision":true,"revision":"generateprofessionalbackground-00023-zex","maxInstanceRequestConcurrency":80,"availableCpu":"2"},"eventTrigger":{"trigger":"projects/proshot-ai-a365e/locations/us-central1/triggers/generateprofessionalbackground-570015","triggerRegion":"us-central1","eventType":"google.cloud.storage.object.v1.finalized","eventFilters":[{"attribute":"bucket","value":"proshot-ai-a365e.firebasestorage.app"}],"pubsubTopic":"projects/proshot-ai-a365e/topics/eventarc-us-central1-generateprofessionalbackground-570015-283","serviceAccountEmail":"793421427372-compute@developer.gserviceaccount.com","retryPolicy":"RETRY_POLICY_DO_NOT_RETRY"},"state":"ACTIVE","labels":{"deployment-tool":"cli-firebase","firebase-functions-hash":"e6fb7297e0acbaa21ef46ddcecf3a550d7579f9c"},"environment":"GEN_2","url":"https://us-central1-proshot-ai-a365e.cloudfunctions.net/generateProfessionalBackground","satisfiesPzi":true},"stages":[{"name":"BUILD","message":"Build in progress","state":"IN_PROGRESS","resource":"projects/793421427372/locations/us-central1/builds/e04582d5-515a-4636-80f9-97186244607a","resourceUri":"https://console.cloud.google.com/cloud-build/builds;region=us-central1/e04582d5-515a-4636-80f9-97186244607a?project=793421427372"},{"name":"SERVICE","state":"NOT_STARTED"},{"name":"TRIGGER","state":"NOT_STARTED"}],"operationType":"UPDATE_FUNCTION","buildName":"projects/793421427372/locations/us-central1/builds/e04582d5-515a-4636-80f9-97186244607a"},"done":false}
